<?xml version="1.0" encoding="UTF-8"?>
<beans
	xmlns="http://www.springframework.org/schema/beans"
	xmlns:mvc="http://www.springframework.org/schema/mvc" 
	xmlns:xsi="http://www.w3.org/2001/XMLSchema-instance"	
	xmlns:context="http://www.springframework.org/schema/context"
	xmlns:tx="http://www.springframework.org/schema/tx"
	xmlns:websocket="http://www.springframework.org/schema/websocket"
	xsi:schemaLocation="http://www.springframework.org/schema/mvc http://www.springframework.org/schema/mvc/spring-mvc.xsd
		http://www.springframework.org/schema/beans http://www.springframework.org/schema/beans/spring-beans.xsd
		http://www.springframework.org/schema/context http://www.springframework.org/schema/context/spring-context.xsd
		http://www.springframework.org/schema/tx http://www.springframework.org/schema/tx/spring-tx-3.0.xsd
		http://www.springframework.org/schema/websocket http://www.springframework.org/schema/websocket/spring-websocket.xsd">

	<!-- DispatcherServlet Context: defines this servlet's request-processing infrastructure -->
	
	<!-- Enables the Spring MVC @Controller programming model -->
	<mvc:annotation-driven />
	
	<!-- mvc:resource 
	<mvc:default-servlet-handler/>
	-->
	
	<!-- component-scan  -->
	<context:component-scan base-package="com.opendesign" use-default-filters="false" > 
		<context:include-filter type="annotation" expression="org.springframework.stereotype.Controller" />
	</context:component-scan>
	
	<!-- Handles HTTP GET requests for /resources/** by efficiently serving up static resources in the ${webappRoot}/resources directory -->
	<mvc:resources mapping="/resources/**" location="/resources/" />
		   
	<!-- Resolves views selected for rendering by @Controllers to .jsp resources in the /WEB-INF/views directory -->
	<bean class="org.springframework.web.servlet.view.InternalResourceViewResolver">
		<property name="prefix" value="/WEB-INF/views/" />
		<property name="suffix" value=".jsp" />
	</bean>
	<!-- json: 1.jsonView -->
	<bean id="viewResolver" class="org.springframework.web.servlet.view.BeanNameViewResolver">
    	<property name="order" value="0"></property>
	</bean>    
	<bean class="org.springframework.web.servlet.view.json.MappingJackson2JsonView" id="jsonView">
   		<property name="contentType" value="application/json;charset=UTF-8"></property>
	</bean>
	<!-- json: 2.messageConverter -->
	<bean class="org.springframework.web.servlet.mvc.method.annotation.RequestMappingHandlerAdapter">
        <property name="messageConverters">
        <list>    
            <bean class="org.springframework.http.converter.json.MappingJackson2HttpMessageConverter">
                <property name="supportedMediaTypes">
                    <list>
                        <value>text/html;charset=UTF-8</value>
                        <value>application/json;charset=UTF-8</value>
                    </list>
                </property>
            </bean>
        </list>
        </property>
    </bean>
    
    <!-- view visit -->
    <bean id="viewController" class="org.springframework.web.servlet.mvc.UrlFilenameViewController"/>
    <bean id="urlMapping" class="org.springframework.web.servlet.handler.SimpleUrlHandlerMapping">
        <property name="mappings">
            <props>
                <prop key="/**/*.view">viewController</prop>
            </props>
        </property>
    </bean>
    
    
    
    <!-- file upload : 30MB -->
    <bean id="multipartResolver" class="org.springframework.web.multipart.commons.CommonsMultipartResolver" >
		<property name="maxUploadSize" value="30720000" /> 
	</bean>


	<!-- interceptors -->
	<mvc:interceptors>
		<mvc:interceptor>
			<mvc:mapping path="/**"/>
			<mvc:exclude-mapping path="/member/login.ajax"/>
			<bean id="webInterceptor" class="com.opendesign.spring.LoginCheckInterceptor"/>
		</mvc:interceptor>
	</mvc:interceptors>
	
	
	<!-- ========================= WEBSOCKET DEFINITION ========================= -->
	<!-- <websocket:handlers>
        <websocket:mapping path="/websocket/connect.do" handler="websocketHandler"/>
        <websocket:handshake-interceptors>
            <bean class="org.springframework.web.socket.server.support.HttpSessionHandshakeInterceptor"/>
        </websocket:handshake-interceptors>
    </websocket:handlers> -->
    <!-- ========================= ]]WEBSOCKET DEFINITION ========================= -->
	
	
</beans>
